sunflower*/Makefile
sunflower*/create-changelog.php
sunflower*/changelog.html
sunflower*/documentation/*
sunflower*/mkdocs/*
sunflower*/.DS_Store
sunflower*/.stylelintrc.json
sunflower*/.eslintrc
sunflower*/.git/*
sunflower*/.gitattributes
sunflower*/.github/*
sunflower*/.gitignore
sunflower*/.vscode/*
sunflower*/.idea/*
sunflower*/README.md
sunflower*/composer.json
sunflower*/composer.lock
sunflower*/node_modules/*
sunflower*/vendor/*
sunflower*/package-lock.json
sunflower*/package.json
sunflower*/.travis.yml
sunflower*/phpcs.xml.dist
sunflower*/sass/*
sunflower*/src/*
sunflower*/style.css.map
sunflower*/.favorites.json
sunflower*/.editorconfig
sunflower*/.eslintrc.js
sunflower*/exclude.lst
sunflower*/phpcs-report.xml
sunflower*/rector.php
sunflower*/pa11ySAMPLE.json
sunflower*/.nvmrc
sunflower*/.eslintignore
sunflower*/composer.phar
sunflower*/ecs.php
